<?xml version="1.0" encoding="UTF-8"?>
<testng-results ignored="0" total="6" passed="6" failed="0" skipped="0">
  <reporter-output>
  </reporter-output>
  <suite started-at="2024-11-17T10:44:52 IST" name="Suite" finished-at="2024-11-17T10:44:52 IST" duration-ms="119">
    <groups>
      <group name="regression">
        <method signature="test_dataprovider.secondtest(java.lang.String)[pri:2, instance:TestNgexamples.test_dataprovider@36bc55de]" name="secondtest" class="TestNgexamples.test_dataprovider"/>
      </group> <!-- regression -->
      <group name="sanity">
        <method signature="test_dataprovider.firsttest()[pri:1, instance:TestNgexamples.test_dataprovider@36bc55de]" name="firsttest" class="TestNgexamples.test_dataprovider"/>
        <method signature="test_dataprovider.secondtest(java.lang.String)[pri:2, instance:TestNgexamples.test_dataprovider@36bc55de]" name="secondtest" class="TestNgexamples.test_dataprovider"/>
      </group> <!-- sanity -->
    </groups>
    <test started-at="2024-11-17T10:44:52 IST" name="Test" finished-at="2024-11-17T10:44:52 IST" duration-ms="119">
      <class name="TestNgexamples.test_dataprovider">
        <test-method is-config="true" signature="btt()[pri:0, instance:TestNgexamples.test_dataprovider@36bc55de]" started-at="2024-11-17T10:44:52 IST" name="btt" finished-at="2024-11-17T10:44:52 IST" duration-ms="8" status="PASS">
          <reporter-output>
          </reporter-output>
        </test-method> <!-- btt -->
        <test-method is-config="true" signature="setup()[pri:0, instance:TestNgexamples.test_dataprovider@36bc55de]" started-at="2024-11-17T10:44:52 IST" name="setup" finished-at="2024-11-17T10:44:52 IST" duration-ms="1" status="PASS">
          <reporter-output>
          </reporter-output>
        </test-method> <!-- setup -->
        <test-method signature="firsttest()[pri:1, instance:TestNgexamples.test_dataprovider@36bc55de]" started-at="2024-11-17T10:44:52 IST" name="firsttest" finished-at="2024-11-17T10:44:52 IST" duration-ms="8" status="PASS">
          <reporter-output>
          </reporter-output>
        </test-method> <!-- firsttest -->
        <test-method signature="secondtest(java.lang.String)[pri:2, instance:TestNgexamples.test_dataprovider@36bc55de]" started-at="2024-11-17T10:44:52 IST" name="secondtest" finished-at="2024-11-17T10:44:52 IST" depends-on-methods="TestNgexamples.test_dataprovider.firsttest" duration-ms="4" status="PASS">
          <params>
            <param index="0">
              <value>
                <![CDATA[Test Env]]>
              </value>
            </param>
          </params>
          <reporter-output>
          </reporter-output>
        </test-method> <!-- secondtest -->
        <test-method signature="thirdtest(java.lang.String,java.lang.String)[pri:3, instance:TestNgexamples.test_dataprovider@36bc55de]" started-at="2024-11-17T10:44:52 IST" name="thirdtest" data-provider="dp" finished-at="2024-11-17T10:44:52 IST" duration-ms="6" status="PASS">
          <params>
            <param index="0">
              <value>
                <![CDATA[login1]]>
              </value>
            </param>
            <param index="1">
              <value>
                <![CDATA[pwd1]]>
              </value>
            </param>
          </params>
          <reporter-output>
          </reporter-output>
        </test-method> <!-- thirdtest -->
        <test-method signature="thirdtest(java.lang.String,java.lang.String)[pri:3, instance:TestNgexamples.test_dataprovider@36bc55de]" started-at="2024-11-17T10:44:52 IST" name="thirdtest" data-provider="dp" finished-at="2024-11-17T10:44:52 IST" duration-ms="2" status="PASS">
          <params>
            <param index="0">
              <value>
                <![CDATA[login2]]>
              </value>
            </param>
            <param index="1">
              <value>
                <![CDATA[pwd2]]>
              </value>
            </param>
          </params>
          <reporter-output>
          </reporter-output>
        </test-method> <!-- thirdtest -->
        <test-method signature="thirdtest(java.lang.String,java.lang.String)[pri:3, instance:TestNgexamples.test_dataprovider@36bc55de]" started-at="2024-11-17T10:44:52 IST" name="thirdtest" data-provider="dp" finished-at="2024-11-17T10:44:52 IST" duration-ms="3" status="PASS">
          <params>
            <param index="0">
              <value>
                <![CDATA[login3]]>
              </value>
            </param>
            <param index="1">
              <value>
                <![CDATA[pwd3]]>
              </value>
            </param>
          </params>
          <reporter-output>
          </reporter-output>
        </test-method> <!-- thirdtest -->
        <test-method signature="thirdtest(java.lang.String,java.lang.String)[pri:3, instance:TestNgexamples.test_dataprovider@36bc55de]" started-at="2024-11-17T10:44:52 IST" name="thirdtest" data-provider="dp" finished-at="2024-11-17T10:44:52 IST" duration-ms="2" status="PASS">
          <params>
            <param index="0">
              <value>
                <![CDATA[login4]]>
              </value>
            </param>
            <param index="1">
              <value>
                <![CDATA[pwd4]]>
              </value>
            </param>
          </params>
          <reporter-output>
          </reporter-output>
        </test-method> <!-- thirdtest -->
        <test-method is-config="true" signature="teardown()[pri:0, instance:TestNgexamples.test_dataprovider@36bc55de]" started-at="2024-11-17T10:44:52 IST" name="teardown" finished-at="2024-11-17T10:44:52 IST" duration-ms="1" status="PASS">
          <reporter-output>
          </reporter-output>
        </test-method> <!-- teardown -->
      </class> <!-- TestNgexamples.test_dataprovider -->
    </test> <!-- Test -->
  </suite> <!-- Suite -->
</testng-results>
