<?xml version="1.0" encoding="UTF-8"?>
<!-- Generated by org.testng.reporters.JUnitXMLReporter -->
<testsuite ignored="0" hostname="Sankari" failures="0" tests="8" name="Test" time="10.289" errors="0" timestamp="2024-11-16T22:55:18 IST">
  <testcase classname="TestNgexamples.FirstTest" name="firsttest" time="2.771"/>
  <testcase classname="TestNgexamples.FirstTest" name="secondtest" time="0.441"/>
  <testcase classname="TestNgexamples.FirstTest" name="thirdtest" time="0.083"/>
  <testcase classname="TestNgexamples.FirstTest" name="fourthtest" time="0.003"/>
  <testcase classname="TestNgexamples.FirstTest2" name="firsttest" time="2.784"/>
  <testcase classname="TestNgexamples.FirstTest2" name="secondtest" time="0.416"/>
  <testcase classname="TestNgexamples.FirstTest2" name="thirdtest" time="0.076"/>
  <testcase classname="TestNgexamples.FirstTest2" name="fourthtest" time="0.004"/>
</testsuite> <!-- Test -->
