<?xml version="1.0" encoding="UTF-8"?>
<!-- Generated by org.testng.reporters.JUnitXMLReporter -->
<testsuite ignored="0" hostname="Sankari" failures="0" tests="6" name="Test" time="0.119" errors="0" timestamp="2024-11-17T10:44:52 IST">
  <testcase classname="TestNgexamples.test_dataprovider" name="firsttest" time="0.008"/>
  <testcase classname="TestNgexamples.test_dataprovider" name="secondtest" time="0.004"/>
  <testcase classname="TestNgexamples.test_dataprovider" name="thirdtest" time="0.006"/>
  <testcase classname="TestNgexamples.test_dataprovider" name="thirdtest" time="0.002"/>
  <testcase classname="TestNgexamples.test_dataprovider" name="thirdtest" time="0.003"/>
  <testcase classname="TestNgexamples.test_dataprovider" name="thirdtest" time="0.002"/>
</testsuite> <!-- Test -->
