<?xml version="1.0" encoding="UTF-8"?>
<!-- Generated by org.testng.reporters.JUnitXMLReporter -->
<testsuite ignored="0" hostname="Sankari" failures="0" tests="4" name="Test2" time="5.297" errors="0" timestamp="2024-11-16T22:55:08 IST">
  <testcase classname="TestNgexamples.FirstTest" name="firsttest" time="3.051"/>
  <testcase classname="TestNgexamples.FirstTest" name="secondtest" time="0.438"/>
  <testcase classname="TestNgexamples.FirstTest" name="thirdtest" time="0.085"/>
  <testcase classname="TestNgexamples.FirstTest" name="fourthtest" time="0.005"/>
</testsuite> <!-- Test2 -->
