<?xml version="1.0" encoding="UTF-8"?>
<!-- Generated by org.testng.reporters.JUnitXMLReporter -->
<testsuite ignored="0" hostname="Sankari" failures="0" tests="6" name="Default test" time="0.266" errors="0" timestamp="2024-11-17T09:45:15 IST">
  <testcase classname="TestNgexamples.test_dependency" name="firsttest" time="0.02"/>
  <testcase classname="TestNgexamples.test_dependency" name="secondtest" time="0.005"/>
  <testcase classname="TestNgexamples.test_dependency" name="thirdtest" time="0.011"/>
  <testcase classname="TestNgexamples.test_dependency" name="thirdtest" time="0.003"/>
  <testcase classname="TestNgexamples.test_dependency" name="thirdtest" time="0.006"/>
  <testcase classname="TestNgexamples.test_dependency" name="thirdtest" time="0.004"/>
</testsuite> <!-- Default test -->
